2025-10-07T03:47:32.952247Z	Cloning repository...
2025-10-07T03:47:33.609677Z	From https://github.com/ahmedmmkms/b2b-marketplace
2025-10-07T03:47:33.61031Z	 * branch            43f5825f17abf1fc3c88c0ad4060e2b9db929f71 -> FETCH_HEAD
2025-10-07T03:47:33.610447Z	
2025-10-07T03:47:33.647126Z	HEAD is now at 43f5825 Fix Flyway migration V3 to be idempotent by using CREATE TABLE IF NOT EXISTS and handling index/triggers properly
2025-10-07T03:47:33.648091Z	
2025-10-07T03:47:33.740764Z	
2025-10-07T03:47:33.74126Z	Using v2 root directory strategy
2025-10-07T03:47:33.765926Z	Success: Finished cloning repository files
2025-10-07T03:47:35.729051Z	Checking for configuration in a Wrangler configuration file (BETA)
2025-10-07T03:47:35.729752Z	
2025-10-07T03:47:35.731463Z	Found wrangler.toml file. Reading build configuration...
2025-10-07T03:47:36.853027Z	A wrangler.toml file was found but it does not appear to be valid. Did you mean to use wrangler.toml to configure Pages? If so, then make sure the file is valid and contains the `pages_build_output_dir` property. Skipping file and continuing.
2025-10-07T03:47:36.923162Z	Detected the following tools from environment: npm@10.9.2, nodejs@22.16.0
2025-10-07T03:47:36.92374Z	Installing project dependencies: npm clean-install --progress=false
2025-10-07T03:47:50.223797Z	
2025-10-07T03:47:50.224059Z	added 21 packages, and audited 22 packages in 13s
2025-10-07T03:47:50.224201Z	
2025-10-07T03:47:50.224326Z	3 packages are looking for funding
2025-10-07T03:47:50.224445Z	  run `npm fund` for details
2025-10-07T03:47:50.225261Z	
2025-10-07T03:47:50.225426Z	found 0 vulnerabilities
2025-10-07T03:47:50.253236Z	Executing user command: cd frontend/p4-frontend && npm ci && npx nx build landing --prod
2025-10-07T03:47:54.550384Z	npm warn deprecated rimraf@3.0.2: Rimraf versions prior to v4 are no longer supported
2025-10-07T03:47:55.874567Z	npm warn deprecated inflight@1.0.6: This module is not supported, and leaks memory. Do not use it. Check out lru-cache if you want a good and tested way to coalesce async requests by a key value, which is much more comprehensive and powerful.
2025-10-07T03:47:56.148801Z	npm warn deprecated glob@7.2.3: Glob versions prior to v9 are no longer supported
2025-10-07T03:47:56.975563Z	npm warn deprecated critters@0.0.24: Ownership of Critters has moved to the Nuxt team, who will be maintaining the project going forward. If you'd like to keep using Critters, please switch to the actively-maintained fork at https://github.com/danielroe/beasties
2025-10-07T03:48:20.106967Z	
2025-10-07T03:48:20.107317Z	added 1330 packages, and audited 1331 packages in 29s
2025-10-07T03:48:20.107444Z	
2025-10-07T03:48:20.107516Z	205 packages are looking for funding
2025-10-07T03:48:20.107574Z	  run `npm fund` for details
2025-10-07T03:48:20.127158Z	
2025-10-07T03:48:20.127493Z	10 vulnerabilities (6 low, 4 moderate)
2025-10-07T03:48:20.127668Z	
2025-10-07T03:48:20.127819Z	To address issues that do not require attention, run:
2025-10-07T03:48:20.127941Z	  npm audit fix
2025-10-07T03:48:20.128079Z	
2025-10-07T03:48:20.128254Z	To address all issues (including breaking changes), run:
2025-10-07T03:48:20.128407Z	  npm audit fix --force
2025-10-07T03:48:20.128532Z	
2025-10-07T03:48:20.128672Z	Run `npm audit` for details.
2025-10-07T03:48:21.843244Z	
2025-10-07T03:48:21.843627Z	> nx run landing:build:production
2025-10-07T03:48:21.843747Z	
2025-10-07T03:48:23.7541Z	[33mâ¯[39m Building...
2025-10-07T03:48:34.211688Z	[32mâœ”[39m Building...
2025-10-07T03:48:34.213766Z	[37mApplication bundle generation failed. [10.457 seconds][39m
2025-10-07T03:48:34.213962Z	[37m[39m
2025-10-07T03:48:34.216709Z	[1m[31m[31mâœ˜ [41;31m[[41;97mERROR[41;31m][0m [1mTS-992011: The directive 'FeatureFlagDirective' appears in 'imports', but is not standalone and cannot be imported directly. It must be imported via an NgModule.[0m [1m[35m[plugin angular-compiler][0m[39m[22m
2025-10-07T03:48:34.216977Z	[1m[31m[39m[22m
2025-10-07T03:48:34.217169Z	[1m[31m    src/app/catalog/catalog.ts:67:4:[39m[22m
2025-10-07T03:48:34.217318Z	[1m[31m[37m      67 â”‚     [32mFeatureFlagDirective[37m,[39m[22m
2025-10-07T03:48:34.218294Z	[1m[31m         â•µ     [32m~~~~~~~~~~~~~~~~~~~~[0m[39m[22m
2025-10-07T03:48:34.218509Z	[1m[31m[39m[22m
2025-10-07T03:48:34.218694Z	[1m[31m[39m[22m
2025-10-07T03:48:34.218836Z	[1m[31m[31mâœ˜ [41;31m[[41;97mERROR[41;31m][0m [1mTS2339: Property 'path' does not exist on type 'Location'.[0m [1m[35m[plugin angular-compiler][0m[39m[22m
2025-10-07T03:48:34.219166Z	[1m[31m[39m[22m
2025-10-07T03:48:34.219353Z	[1m[31m    src/app/catalog/catalog.ts:490:32:[39m[22m
2025-10-07T03:48:34.219551Z	[1m[31m[37m      490 â”‚       this.location.go(location.[32mpath[37m()); // Refresh location for ...[39m[22m
2025-10-07T03:48:34.219694Z	[1m[31m          â•µ                                 [32m~~~~[0m[39m[22m
2025-10-07T03:48:34.219813Z	[1m[31m[39m[22m
2025-10-07T03:48:34.219925Z	[1m[31m[39m[22m
2025-10-07T03:48:34.220057Z	[1m[31m[31mâœ˜ [41;31m[[41;97mERROR[41;31m][0m [1mTS2339: Property 'filteredProducts' does not exist on type 'CatalogComponent'.[0m [1m[35m[plugin angular-compiler][0m[39m[22m
2025-10-07T03:48:34.22019Z	[1m[31m[39m[22m
2025-10-07T03:48:34.220315Z	[1m[31m    src/app/catalog/catalog.ts:551:60:[39m[22m
2025-10-07T03:48:34.220448Z	[1m[31m[37m      551 â”‚ ...(this.searchTerm, this.[32mfilteredProducts[37m.length, undefined, dur...[39m[22m
2025-10-07T03:48:34.220563Z	[1m[31m          â•µ                           [32m~~~~~~~~~~~~~~~~[0m[39m[22m
2025-10-07T03:48:34.220774Z	[1m[31m[39m[22m
2025-10-07T03:48:34.220958Z	[1m[31m[39m[22m
2025-10-07T03:48:34.221089Z	[1m[31m[31mâœ˜ [41;31m[[41;97mERROR[41;31m][0m [1mTS2339: Property 'filteredProducts' does not exist on type 'CatalogComponent'.[0m [1m[35m[plugin angular-compiler][0m[39m[22m
2025-10-07T03:48:34.221234Z	[1m[31m[39m[22m
2025-10-07T03:48:34.221373Z	[1m[31m    src/app/catalog/catalog.ts:565:72:[39m[22m
2025-10-07T03:48:34.221526Z	[1m[31m[37m      565 â”‚ ...kFilter('category', category.name, this.[32mfilteredProducts[37m.length);[39m[22m
2025-10-07T03:48:34.221641Z	[1m[31m          â•µ                                            [32m~~~~~~~~~~~~~~~~[0m[39m[22m
2025-10-07T03:48:34.22176Z	[1m[31m[39m[22m
2025-10-07T03:48:34.22187Z	[1m[31m[39m[22m
2025-10-07T03:48:34.221975Z	[1m[31m[31mâœ˜ [41;31m[[41;97mERROR[41;31m][0m [1mTS2339: Property 'filteredProducts' does not exist on type 'CatalogComponent'.[0m [1m[35m[plugin angular-compiler][0m[39m[22m
2025-10-07T03:48:34.222097Z	[1m[31m[39m[22m
2025-10-07T03:48:34.222203Z	[1m[31m    src/app/catalog/catalog.ts:580:68:[39m[22m
2025-10-07T03:48:34.22233Z	[1m[31m[37m      580 â”‚ ...trackFilter('vendor', vendor.name, this.[32mfilteredProducts[37m.length);[39m[22m
2025-10-07T03:48:34.222442Z	[1m[31m          â•µ                                            [32m~~~~~~~~~~~~~~~~[0m[39m[22m
2025-10-07T03:48:34.222556Z	[1m[31m[39m[22m
2025-10-07T03:48:34.222655Z	[1m[31m[39m[22m
2025-10-07T03:48:34.222759Z	[1m[31m[31mâœ˜ [41;31m[[41;97mERROR[41;31m][0m [1mTS4111: Property 'search' comes from an index signature, so it must be a[39m[22m
2025-10-07T03:48:34.222866Z	[1m[31mccessed with ['search'].[0m [1m[35m[plugin angular-compiler][0m[39m[22m
2025-10-07T03:48:34.222968Z	[1m[31m[39m[22m
2025-10-07T03:48:34.223068Z	[1m[31m    src/app/catalog/catalog.ts:598:39:[39m[22m
2025-10-07T03:48:34.22317Z	[1m[31m[37m      598 â”‚     if (this.searchTerm) activeFilters.[32msearch[37m = this.searchTerm;[39m[22m
2025-10-07T03:48:34.223357Z	[1m[31m          â•µ                                        [32m~~~~~~[0m[39m[22m
2025-10-07T03:48:34.223479Z	[1m[31m[39m[22m
2025-10-07T03:48:34.22359Z	[1m[31m[39m[22m
2025-10-07T03:48:34.2237Z	[1m[31m[31mâœ˜ [41;31m[[41;97mERROR[41;31m][0m [1mTS4111: Property 'price' comes from an index signature, so it must be accessed with ['price'].[0m [1m[35m[plugin angular-compiler][0m[39m[22m
2025-10-07T03:48:34.223851Z	[1m[31m[39m[22m
2025-10-07T03:48:34.223955Z	[1m[31m    src/app/catalog/catalog.ts:600:20:[39m[22m
2025-10-07T03:48:34.224054Z	[1m[31m[37m      600 â”‚       activeFilters.[32mprice[37m = { min: this.minPrice, max: this.maxPr...[39m[22m
2025-10-07T03:48:34.224153Z	[1m[31m          â•µ                     [32m~~~~~[0m[39m[22m
2025-10-07T03:48:34.224357Z	[1m[31m[39m[22m
2025-10-07T03:48:34.224517Z	[1m[31m[39m[22m
2025-10-07T03:48:34.224628Z	[1m[31m[31mâœ˜ [41;31m[[41;97mERROR[41;31m][0m [1mTS4111: Property 'categories' comes from an index signature, so it must be accessed with ['categories'].[0m [1m[35m[plugin angular-compiler][0m[39m[22m
2025-10-07T03:48:34.224792Z	[1m[31m[39m[22m
2025-10-07T03:48:34.224901Z	[1m[31m    src/app/catalog/catalog.ts:603:53:[39m[22m
2025-10-07T03:48:34.225Z	[1m[31m[37m      603 â”‚ ...gories.length > 0) activeFilters.[32mcategories[37m = selectedCategories;[39m[22m
2025-10-07T03:48:34.225108Z	[1m[31m          â•µ                                     [32m~~~~~~~~~~[0m[39m[22m
2025-10-07T03:48:34.22521Z	[1m[31m[39m[22m
2025-10-07T03:48:34.225328Z	[1m[31m[39m[22m
2025-10-07T03:48:34.22543Z	[1m[31m[31mâœ˜ [41;31m[[41;97mERROR[41;31m][0m [1mTS4111: Property 'vendors' comes from an index signature, so it must be accessed with ['vendors'].[0m [1m[35m[plugin angular-compiler][0m[39m[22m
2025-10-07T03:48:34.225648Z	[1m[31m[39m[22m
2025-10-07T03:48:34.225757Z	[1m[31m    src/app/catalog/catalog.ts:605:50:[39m[22m
2025-10-07T03:48:34.225874Z	[1m[31m[37m      605 â”‚ ...ectedVendors.length > 0) activeFilters.[32mvendors[37m = selectedVendors;[39m[22m
2025-10-07T03:48:34.225979Z	[1m[31m          â•µ                                           [32m~~~~~~~[0m[39m[22m
2025-10-07T03:48:34.22608Z	[1m[31m[39m[22m
2025-10-07T03:48:34.226179Z	[1m[31m[39m[22m
2025-10-07T03:48:34.226293Z	[1m[31m[31mâœ˜ [41;31m[[41;97mERROR[41;31m][0m [1mCould not resolve "../../../environments/environment"[0m[39m[22m
2025-10-07T03:48:34.226406Z	[1m[31m[39m[22m
2025-10-07T03:48:34.226522Z	[1m[31m    src/app/core/analytics/analytics.service.ts:5:28:[39m[22m
2025-10-07T03:48:34.226628Z	[1m[31m[37m      5 â”‚ import { environment } from [32m'../../../environments/environment'[37m;[39m[22m
2025-10-07T03:48:34.226729Z	[1m[31m        â•µ                             [32m~~~~~~~~~~~~~~~~~~~~~~~~~~~~~~~~~~~[0m[39m[22m
2025-10-07T03:48:34.22683Z	[1m[31m[39m[22m
2025-10-07T03:48:34.226928Z	[1m[31m[39m[22m
2025-10-07T03:48:34.227026Z	[1m[31m[31mâœ˜ [41;31m[[41;97mERROR[41;31m][0m [1mTS2307: Cannot find module '../../../environments/environment' or its corresponding type declarations.[0m [1m[35m[plugin angular-compiler][0m[39m[22m
2025-10-07T03:48:34.227156Z	[1m[31m[39m[22m
2025-10-07T03:48:34.227252Z	[1m[31m    src/app/core/analytics/analyt[39m[22m[1m[31mics.service.ts:6:28:[39m[22m
2025-10-07T03:48:34.22738Z	[1m[31m[37m      6 â”‚ import { environment } from [32m'../../../environments/environment'[37m;[39m[22m
2025-10-07T03:48:34.227501Z	[1m[31m        â•µ                             [32m~~~~~~~~~~~~~~~~~~~~~~~~~~~~~~~~~~~[0m[39m[22m
2025-10-07T03:48:34.227607Z	[1m[31m[39m[22m
2025-10-07T03:48:34.227712Z	[1m[31m[39m[22m
2025-10-07T03:48:34.227968Z	[1m[31m[31mâœ˜ [41;31m[[41;97mERROR[41;31m][0m [1mTS2739: Type '{ eventType: string; properties: { query: string; resultsCount: number; filters: { [key: string]: any; } | undefined; duration: number | undefined; }; }' is missing the following properties from type 'SearchEvent': eventId, timestamp[0m [1m[35m[plugin angular-compiler][0m[39m[22m
2025-10-07T03:48:34.228157Z	[1m[31m[39m[22m
2025-10-07T03:48:34.228288Z	[1m[31m    src/app/core/analytics/analytics.service.ts:77:10:[39m[22m
2025-10-07T03:48:34.228392Z	[1m[31m[37m      77 â”‚     const [32msearchEvent[37m: SearchEvent = {[39m[22m
2025-10-07T03:48:34.228496Z	[1m[31m         â•µ           [32m~~~~~~~~~~~[0m[39m[22m
2025-10-07T03:48:34.228587Z	[1m[31m[39m[22m
2025-10-07T03:48:34.228675Z	[1m[31m[39m[22m
2025-10-07T03:48:34.22878Z	[1m[31m[31mâœ˜ [41;31m[[41;97mERROR[41;31m][0m [1mTS2739: Type '{ eventType: string; properties: { filterType: string; filterValue: string | string[]; resultsCountAfterFilter: number; }; }' is missing the following properties from type 'FilterEvent': eventId, timestamp[0m [1m[35m[plugin angular-compiler][0m[39m[22m
2025-10-07T03:48:34.228882Z	[1m[31m[39m[22m
2025-10-07T03:48:34.228974Z	[1m[31m    src/app/core/analytics/analytics.service.ts:94:10:[39m[22m
2025-10-07T03:48:34.22907Z	[1m[31m[37m      94 â”‚     const [32mfilterEvent[37m: FilterEvent = {[39m[22m
2025-10-07T03:48:34.229164Z	[1m[31m         â•µ           [32m~~~~~~~~~~~[0m[39m[22m
2025-10-07T03:48:34.229262Z	[1m[31m[39m[22m
2025-10-07T03:48:34.22946Z	[1m[31m[39m[22m
2025-10-07T03:48:34.229606Z	[1m[31m[31mâœ˜ [41;31m[[41;97mERROR[41;31m][0m [1mTS2739: Type '{ eventType: string; properties: { url: string; }; }' is missing the following properties from type 'AnalyticsEvent': eventId, timestamp[0m [1m[35m[plugin angular-compiler][0m[39m[22m
2025-10-07T03:48:34.229736Z	[1m[31m[39m[22m
2025-10-07T03:48:34.229835Z	[1m[31m    src/app/core/analytics/analytics.service.ts:110:10:[39m[22m
2025-10-07T03:48:34.229921Z	[1m[31m[37m      110 â”‚     const [32mevent[37m: AnalyticsEvent = {[39m[22m
2025-10-07T03:48:34.230007Z	[1m[31m          â•µ           [32m~~~~~[0m[39m[22m
2025-10-07T03:48:34.230102Z	[1m[31m[39m[22m
2025-10-07T03:48:34.230189Z	[1m[31m[39m[22m
2025-10-07T03:48:34.230289Z	[1m[31m[31mâœ˜ [41;31m[[41;97mERROR[41;31m][0m [1mTS2739: Type '{ eventType: string; properties: { elementId: string; elementName: string | undefined; }; }' is missing the following properties from type 'AnalyticsEvent': eventId, timestamp[0m [1m[35m[plugin angular-compiler][0m[39m[22m
2025-10-07T03:48:34.230421Z	[1m[31m[39m[22m
2025-10-07T03:48:34.230519Z	[1m[31m    src/app/core/analytics/analytics.service.ts:124:10:[39m[22m
2025-10-07T03:48:34.230606Z	[1m[31m[37m      124 â”‚     const [32mevent[37m: AnalyticsEvent = {[39m[22m
2025-10-07T03:48:34.230695Z	[1m[31m          â•µ           [32[39m[22m[1m[31mm~~~~~[0m[39m[22m
2025-10-07T03:48:34.230795Z	[1m[31m[39m[22m
2025-10-07T03:48:34.230884Z	[1m[31m[39m[22m
2025-10-07T03:48:34.230971Z	[1m[31m[31mâœ˜ [41;31m[[41;97mERROR[41;31m][0m [1mNG5002: Parser Error: Unexpected token 0, expected identifier, keyword, or string at column 2 in [{0: '0%', 25: '25%', 50: '50%', 75: '75%', 100: '100%'}] in /opt/buildhome/repo/frontend/p4-frontend/src/app/core/feature-flags/feature-flags-management.component.ts@93:29[0m [1m[35m[plugin angular-compiler][0m[39m[22m
2025-10-07T03:48:34.231117Z	[1m[31m[39m[22m
2025-10-07T03:48:34.231216Z	[1m[31m    src/app/core/feature-flags/feature-flags-management.component.ts:94:29:[39m[22m
2025-10-07T03:48:34.231335Z	[1m[31m[37m      94 â”‚ ...nzMarks]="[32m{0: '0%', 25: '25%', 50: '50%', 75: '75%', 100: '100%[37m...[39m[22m
2025-10-07T03:48:34.231438Z	[1m[31m         â•µ              [32m~~~~~~~~~~~~~~~~~~~~~~~~~~~~~~~~~~~~~~~~~~~~~~~~~~~~~[0m[39m[22m
2025-10-07T03:48:34.231532Z	[1m[31m[39m[22m
2025-10-07T03:48:34.231622Z	[1m[31m[39m[22m
2025-10-07T03:48:34.231724Z	[1m[31m[31mâœ˜ [41;31m[[41;97mERROR[41;31m][0m [1mNG5002: Parser Error: Unexpected token 0, expected identifier, keyword, or string at column 2 in [{0: '0%', 25: '25%', 50: '50%', 75: '75%', 100: '100%'}] in /opt/buildhome/repo/frontend/p4-frontend/src/app/core/feature-flags/feature-flags-management.component.ts@93:29[0m [1m[35m[plugin angular-compiler][0m[39m[22m
2025-10-07T03:48:34.23183Z	[1m[31m[39m[22m
2025-10-07T03:48:34.231955Z	[1m[31m    src/app/core/feature-flags/feature-flags-management.component.ts:96:42:[39m[22m
2025-10-07T03:48:34.23205Z	[1m[31m[37m      96 â”‚ ...<div class="rollout-text">[32m{{ flag.rolloutPercentage || 0 }}%[37m</div>[39m[22m
2025-10-07T03:48:34.232144Z	[1m[31m         â•µ                              [32m~~~~~~~~~~~~~~~~~~~~~~~~~~~~~~~~~~[0m[39m[22m
2025-10-07T03:48:34.232234Z	[1m[31m[39m[22m
2025-10-07T03:48:34.232527Z	[1m[31m[39m[22m
2025-10-07T03:48:34.232645Z	[1m[31m[31mâœ˜ [41;31m[[41;97mERROR[41;31m][0m [1mNG5002: Parser Error: Unexpected token 0, expected identifier, keyword, or string at column 2 in [{0: '0%', 25: '25%', 50: '50%', 75: '75%', 100: '100%'}] in /opt/buildhome/repo/frontend/p4-frontend/src/app/core/feature-flags/feature-flags-management.component.ts@93:29[0m [1m[35m[plugin angular-compiler][0m[39m[22m
2025-10-07T03:48:34.232774Z	[1m[31m[39m[22m
2025-10-07T03:48:34.232871Z	[1m[31m    src/app/core/feature-flags/feature-flags-management.component.ts:99:24:[39m[22m
2025-10-07T03:48:34.232969Z	[1m[31m[37m      99 â”‚ ...         <nz-tag [32m*ngFor="let tag of flag.tags"[37m [nzColor]="'blue...[39m[22m
2025-10-07T03:48:34.233063Z	[1m[31m         â•µ                     [32m~~~~~~~~~~~~~~~~~~~~~~~~~~~~~[0m[39m[22m
2025-10-07T03:48:34.233159Z	[1m[31m[39m[22m
2025-10-07T03:48:34.233253Z	[1m[31m[39m[22m
2025-10-07T03:48:34.233384Z	[1m[31m[31mâœ˜ [41;31m[[41;97mERROR[41;31m][0m [1mNG5002: Parser Error: Unexpected token 0, expected identifier, keyword, or string at column 2 [39m[22m[1m[31min [{0: '0%', 25: '25%', 50: '50%', 75: '75%', 100: '100%'}] in /opt/buildhome/repo/frontend/p4-frontend/src/app/core/feature-flags/feature-flags-management.component.ts@93:29[0m [1m[35m[plugin angular-compiler][0m[39m[22m
2025-10-07T03:48:34.233492Z	[1m[31m[39m[22m
2025-10-07T03:48:34.233587Z	[1m[31m    src/app/core/feature-flags/feature-flags-management.component.ts:99:65:[39m[22m
2025-10-07T03:48:34.233681Z	[1m[31m[37m      99 â”‚ ...ngFor="let tag of flag.tags" [nzColor]="[32m'blue'[37m">{{ tag }}</nz-tag>[39m[22m
2025-10-07T03:48:34.233787Z	[1m[31m         â•µ                                            [32m~~~~~~[0m[39m[22m
2025-10-07T03:48:34.233885Z	[1m[31m[39m[22m
2025-10-07T03:48:34.233984Z	[1m[31m[39m[22m
2025-10-07T03:48:34.23408Z	[1m[31m[31mâœ˜ [41;31m[[41;97mERROR[41;31m][0m [1mNG5002: Parser Error: Unexpected token 0, expected identifier, keyword, or string at column 2 in [{0: '0%', 25: '25%', 50: '50%', 75: '75%', 100: '100%'}] in /opt/buildhome/repo/frontend/p4-frontend/src/app/core/feature-flags/feature-flags-management.component.ts@93:29[0m [1m[35m[plugin angular-compiler][0m[39m[22m
2025-10-07T03:48:34.234188Z	[1m[31m[39m[22m
2025-10-07T03:48:34.234306Z	[1m[31m    src/app/core/feature-flags/feature-flags-management.component.ts:99:73:[39m[22m
2025-10-07T03:48:34.23441Z	[1m[31m[37m      99 â”‚ ...ngFor="let tag of flag.tags" [nzColor]="'blue'">[32m{{ tag }}[37m</nz-tag>[39m[22m
2025-10-07T03:48:34.234522Z	[1m[31m         â•µ                                                    [32m~~~~~~~~~[0m[39m[22m
2025-10-07T03:48:34.234629Z	[1m[31m[39m[22m
2025-10-07T03:48:34.234734Z	[1m[31m[39m[22m
2025-10-07T03:48:34.23483Z	[1m[31m[31mâœ˜ [41;31m[[41;97mERROR[41;31m][0m [1mNG5002: Parser Error: Unexpected token 0, expected identifier, keyword, or string at column 2 in [{0: '0%', 25: '25%', 50: '50%', 75: '75%', 100: '100%'}] in /opt/buildhome/repo/frontend/p4-frontend/src/app/core/feature-flags/feature-flags-management.component.ts@93:29[0m [1m[35m[plugin angular-compiler][0m[39m[22m
2025-10-07T03:48:34.234923Z	[1m[31m[39m[22m
2025-10-07T03:48:34.235022Z	[1m[31m    src/app/core/feature-flags/feature-flags-management.component.ts:103:26:[39m[22m
2025-10-07T03:48:34.235114Z	[1m[31m[37m      103 â”‚                   <button [32m*nzSpaceItem[37m nz-button nzType="default"...[39m[22m
2025-10-07T03:48:34.235214Z	[1m[31m          â•µ                           [32m~~~~~~~~~~~~[0m[39m[22m
2025-10-07T03:48:34.235326Z	[1m[31m[39m[22m
2025-10-07T03:48:34.235422Z	[1m[31m[39m[22m
2025-10-07T03:48:34.235514Z	[1m[31m[31mâœ˜ [41;31m[[41;97mERROR[41;31m][0m [1mNG5002: Parser Error: Unexpected token 0, expected identifier, keyword, or string at column 2 in [{0: '0%', 25: '25%', 50: '50%', 75: '75%', 100: '100%'}] in /opt/buildhome/repo/frontend/p4-frontend/src/app/core/feature-flags/feature-flags-management.component.ts@93:29[0m [1[39m[22m[1m[31mm[35m[plugin angular-compiler][0m[39m[22m
2025-10-07T03:48:34.235611Z	[1m[31m[39m[22m
2025-10-07T03:48:34.235697Z	[1m[31m    src/app/core/feature-flags/feature-flags-management.component.ts:106:26:[39m[22m
2025-10-07T03:48:34.235801Z	[1m[31m[37m      106 â”‚                   <button [32m*nzSpaceItem[37m nz-button nzType="dashed" ...[39m[22m
2025-10-07T03:48:34.2359Z	[1m[31m          â•µ                           [32m~~~~~~~~~~~~[0m[39m[22m
2025-10-07T03:48:34.236Z	[1m[31m[39m[22m
2025-10-07T03:48:34.236097Z	[1m[31m[39m[22m
2025-10-07T03:48:34.236204Z	[1m[31m[31mâœ˜ [41;31m[[41;97mERROR[41;31m][0m [1mNG8002: Can't bind to 'nzType' since it isn't a known property of 'span'.[0m [1m[35m[plugin angular-compiler][0m[39m[22m
2025-10-07T03:48:34.236339Z	[1m[31m[39m[22m
2025-10-07T03:48:34.236454Z	[1m[31m    src/app/core/performance/performance-test.component.ts:53:26:[39m[22m
2025-10-07T03:48:34.236545Z	[1m[31m[37m      53 â”‚ ...n nz-icon [32m[nzType]="isRunningTests ? 'sync' : 'thunderbolt'"[37m></...[39m[22m
2025-10-07T03:48:34.236636Z	[1m[31m         â•µ              [32m~~~~~~~~~~~~~~~~~~~~~~~~~~~~~~~~~~~~~~~~~~~~~~~~~~[0m[39m[22m
2025-10-07T03:48:34.236735Z	[1m[31m[39m[22m
2025-10-07T03:48:34.236832Z	[1m[31m[39m[22m
2025-10-07T03:48:34.236928Z	[1m[31m[31mâœ˜ [41;31m[[41;97mERROR[41;31m][0m [1mNG2: Type 'string' is not assignable to type 'NzProgressStatusType | undefined'.[0m [1m[35m[plugin angular-compiler][0m[39m[22m
2025-10-07T03:48:34.237029Z	[1m[31m[39m[22m
2025-10-07T03:48:34.23712Z	[1m[31m    src/app/core/performance/performance-test.component.ts:73:17:[39m[22m
2025-10-07T03:48:34.237222Z	[1m[31m[37m      73 â”‚                 [[32mnzStatus[37m]="getProgressStatus(searchReport.p50, 25...[39m[22m
2025-10-07T03:48:34.237361Z	[1m[31m         â•µ                  [32m~~~~~~~~[0m[39m[22m
2025-10-07T03:48:34.237486Z	[1m[31m[39m[22m
2025-10-07T03:48:34.23759Z	[1m[31m[39m[22m
2025-10-07T03:48:34.237693Z	[1m[31m[31mâœ˜ [41;31m[[41;97mERROR[41;31m][0m [1mNG9: Property 'Math' does not exist on type 'PerformanceTestComponent'.[0m [1m[35m[plugin angular-compiler][0m[39m[22m
2025-10-07T03:48:34.237802Z	[1m[31m[39m[22m
2025-10-07T03:48:34.237896Z	[1m[31m    src/app/core/performance/performance-test.component.ts:92:29:[39m[22m
2025-10-07T03:48:34.237986Z	[1m[31m[37m      92 â”‚                 [nzPercent]="[32mMath[37m.min(100, searchReport.p99 / 500 ...[39m[22m
2025-10-07T03:48:34.238078Z	[1m[31m         â•µ                              [32m~~~~[0m[39m[22m
2025-10-07T03:48:34.238169Z	[1m[31m[39m[22m
2025-10-07T03:48:34.238262Z	[1m[31m[39m[22m
2025-10-07T03:48:34.238376Z	[1m[31m[31mâœ˜ [41;31m[[41;97mERROR[41;31m][0m [1mTS2362: The left-hand side of an arithmetic operation must be of type 'any', 'number', 'bigint' or an enum type.[0m [1m[35m[plugin angular-compiler][0m[39m[22m
2025-10-07T03:48:34.238473Z	[1m[31m[39m[22m
2025-10-07T03:48:34.271523Z	[1m[31m    src/app/vendor/vendor-approval-queue.component.ts:248:35:[39m[22m
2025-10-07T03:48:34.271927Z	[1m[31m[37m      248 â”‚       nzTitle: `${vendor.name} - ${[32m'VENDOR.DETAILS'[37m | translate}`,[39m[22m
2025-10-07T03:48:34.272067Z	[1m[31m          â•µ                                    [32m~~~~~~~~~~~~~~~~[0m[39m[22m
2025-10-07T03:48:34.272169Z	[1m[31m[39m[22m
2025-10-07T03:48:34.272255Z	[1m[31m[39m[22m
2025-10-07T03:48:34.272412Z	[1m[31m[31mâœ˜ [41;31m[[41;97mERROR[41;31m][0m [1mTS2552: Cannot find name 'translate'. Did you mean 'CSSTranslate'?[0m[39m[22m[1m[31m [1m[35m[plugin angular-compiler][0m[39m[22m
2025-10-07T03:48:34.272564Z	[1m[31m[39m[22m
2025-10-07T03:48:34.272759Z	[1m[31m    src/app/vendor/vendor-approval-queue.component.ts:248:54:[39m[22m
2025-10-07T03:48:34.27287Z	[1m[31m[37m      248 â”‚       nzTitle: `${vendor.name} - ${'VENDOR.DETAILS' | [32mtranslate[37m}`,[39m[22m
2025-10-07T03:48:34.272963Z	[1m[31m          â•µ                                                       [32m~~~~~~~~~[0m[39m[22m
2025-10-07T03:48:34.273087Z	[1m[31m[39m[22m
2025-10-07T03:48:34.273212Z	[1m[31m  'CSSTranslate' is declared here.[39m[22m
2025-10-07T03:48:34.273337Z	[1m[31m[39m[22m
2025-10-07T03:48:34.273702Z	[1m[31m    node_modules/typescript/lib/lib.dom.d.ts:5267:12:[39m[22m
2025-10-07T03:48:34.273864Z	[1m[31m[37m      5267 â”‚ declare var [32mCSSTranslate[37m: {[39m[22m
2025-10-07T03:48:34.27399Z	[1m[31m           â•µ             [32m~~~~~~~~~~~~[0m[39m[22m
2025-10-07T03:48:34.274119Z	[1m[31m[39m[22m
2025-10-07T03:48:34.274214Z	[1m[31m[39m[22m
2025-10-07T03:48:34.274329Z	[1m[31m[31mâœ˜ [41;31m[[41;97mERROR[41;31m][0m [1mTS2304: Cannot find name 'VendorDetailsModalComponent'.[0m [1m[35m[plugin angular-compiler][0m[39m[22m
2025-10-07T03:48:34.274445Z	[1m[31m[39m[22m
2025-10-07T03:48:34.274552Z	[1m[31m    src/app/vendor/vendor-approval-queue.component.ts:249:17:[39m[22m
2025-10-07T03:48:34.274656Z	[1m[31m[37m      249 â”‚       nzContent: [32mVendorDetailsModalComponent[37m,[39m[22m
2025-10-07T03:48:34.274758Z	[1m[31m          â•µ                  [32m~~~~~~~~~~~~~~~~~~~~~~~~~~~[0m[39m[22m
2025-10-07T03:48:34.274854Z	[1m[31m[39m[22m
2025-10-07T03:48:34.274945Z	[1m[31m[39m[22m
2025-10-07T03:48:34.275036Z	[1m[31m[31mâœ˜ [41;31m[[41;97mERROR[41;31m][0m [1mTS2353: Object literal may only specify known properties, and 'nzComponentParams' does not exist in type 'ModalOptions<unknown, any, any>'.[0m [1m[35m[plugin angular-compiler][0m[39m[22m
2025-10-07T03:48:34.275129Z	[1m[31m[39m[22m
2025-10-07T03:48:34.275218Z	[1m[31m    src/app/vendor/vendor-approval-queue.component.ts:250:6:[39m[22m
2025-10-07T03:48:34.275338Z	[1m[31m[37m      250 â”‚       [32mnzComponentParams[37m: {[39m[22m
2025-10-07T03:48:34.275435Z	[1m[31m          â•µ       [32m~~~~~~~~~~~~~~~~~[0m[39m[22m
2025-10-07T03:48:34.275533Z	[1m[31m[39m[22m
2025-10-07T03:48:34.275632Z	[1m[31m[39m[22m
2025-10-07T03:48:34.275708Z	[1m[31m[31mâœ˜ [41;31m[[41;97mERROR[41;31m][0m [1mTS2362: The left-hand side of an arithmetic operation must be of type 'any', 'number', 'bigint' or an enum type.[0m [1m[35m[plugin angular-compiler][0m[39m[22m
2025-10-07T03:48:34.275778Z	[1m[31m[39m[22m
2025-10-07T03:48:34.275834Z	[1m[31m    src/app/vendor/vendor-approval-queue.component.ts:261:18:[39m[22m
2025-10-07T03:48:34.275891Z	[1m[31m[37m      261 â”‚       nzTitle: `${[32m'VENDOR.APPROVE_VENDOR'[37m | translate}: ${vendor....[39m[22m
2025-10-07T03:48:34.275954Z	[1m[31m          â•µ                   [32m~~~~~~~~~~~~~~~~~~~~~~~[0m[39m[22m
2025-10-07T03:48:34.276048Z	[1m[31m[39m[22m
2025-10-07T03:48:34.276146Z	[1m[31m[39m[22m
2025-10-07T03:48:34.276232Z	[1m[31m[31mâœ˜ [41;31m[[41;97mERROR[41;31m][0m [1mTS2552: Cannot find name 'translate'. Did you mean 'CSSTranslate'?[0m [1m[35m[plugin angular-compiler][0m[39m[22m
2025-10-07T03:48:34.276341Z	[1m[31m[39m[22m
2025-10-07T03:48:34.276436Z	[1m[31m    src/app/vendor/vendor-approval-queue.component.ts:261:44:[39m[22m
2025-10-07T03:48:34.276545Z	[1m[31m[37m      261 â”‚ ...zTitle: `${'VENDOR.APPROVE_VENDOR' | [32mtranslate[37m}: ${vendor.name}`,[39m[22m
2025-10-07T03:48:34.276739Z	[1m[31m          â•µ                         [39m[22m[1m[31m                [32m~~~~~~~~~[0m[39m[22m
2025-10-07T03:48:34.276931Z	[1m[31m[39m[22m
2025-10-07T03:48:34.277055Z	[1m[31m  'CSSTranslate' is declared here.[39m[22m
2025-10-07T03:48:34.277166Z	[1m[31m[39m[22m
2025-10-07T03:48:34.277281Z	[1m[31m    node_modules/typescript/lib/lib.dom.d.ts:5267:12:[39m[22m
2025-10-07T03:48:34.277383Z	[1m[31m[37m      5267 â”‚ declare var [32mCSSTranslate[37m: {[39m[22m
2025-10-07T03:48:34.277493Z	[1m[31m           â•µ             [32m~~~~~~~~~~~~[0m[39m[22m
2025-10-07T03:48:34.27759Z	[1m[31m[39m[22m
2025-10-07T03:48:34.277703Z	[1m[31m[39m[22m
2025-10-07T03:48:34.277782Z	[1m[31m[31mâœ˜ [41;31m[[41;97mERROR[41;31m][0m [1mTS2362: The left-hand side of an arithmetic operation must be of type 'any', 'number', 'bigint' or an enum type.[0m [1m[35m[plugin angular-compiler][0m[39m[22m
2025-10-07T03:48:34.277847Z	[1m[31m[39m[22m
2025-10-07T03:48:34.277913Z	[1m[31m    src/app/vendor/vendor-approval-queue.component.ts:289:18:[39m[22m
2025-10-07T03:48:34.278008Z	[1m[31m[37m      289 â”‚       nzTitle: `${[32m'VENDOR.REJECT_VENDOR'[37m | translate}: ${vendor.n...[39m[22m
2025-10-07T03:48:34.278097Z	[1m[31m          â•µ                   [32m~~~~~~~~~~~~~~~~~~~~~~[0m[39m[22m
2025-10-07T03:48:34.278192Z	[1m[31m[39m[22m
2025-10-07T03:48:34.278316Z	[1m[31m[39m[22m
2025-10-07T03:48:34.278463Z	[1m[31m[31mâœ˜ [41;31m[[41;97mERROR[41;31m][0m [1mTS2552: Cannot find name 'translate'. Did you mean 'CSSTranslate'?[0m [1m[35m[plugin angular-compiler][0m[39m[22m
2025-10-07T03:48:34.278584Z	[1m[31m[39m[22m
2025-10-07T03:48:34.278687Z	[1m[31m    src/app/vendor/vendor-approval-queue.component.ts:289:43:[39m[22m
2025-10-07T03:48:34.278787Z	[1m[31m[37m      289 â”‚ ...nzTitle: `${'VENDOR.REJECT_VENDOR' | [32mtranslate[37m}: ${vendor.name}`,[39m[22m
2025-10-07T03:48:34.278884Z	[1m[31m          â•µ                                         [32m~~~~~~~~~[0m[39m[22m
2025-10-07T03:48:34.278976Z	[1m[31m[39m[22m
2025-10-07T03:48:34.279069Z	[1m[31m  'CSSTranslate' is declared here.[39m[22m
2025-10-07T03:48:34.279165Z	[1m[31m[39m[22m
2025-10-07T03:48:34.279256Z	[1m[31m    node_modules/typescript/lib/lib.dom.d.ts:5267:12:[39m[22m
2025-10-07T03:48:34.279372Z	[1m[31m[37m      5267 â”‚ declare var [32mCSSTranslate[37m: {[39m[22m
2025-10-07T03:48:34.279519Z	[1m[31m           â•µ             [32m~~~~~~~~~~~~[0m[39m[22m
2025-10-07T03:48:34.279631Z	[1m[31m[39m[22m
2025-10-07T03:48:34.27973Z	[1m[31m[39m[22m
2025-10-07T03:48:34.279824Z	[1m[31m[31mâœ˜ [41;31m[[41;97mERROR[41;31m][0m [1mTS2729: Property 'fb' is used before its initialization.[0m [1m[35m[plugin angular-compiler][0m[39m[22m
2025-10-07T03:48:34.27993Z	[1m[31m[39m[22m
2025-10-07T03:48:34.280031Z	[1m[31m    src/app/vendor/vendor-onboarding.component.ts:306:23:[39m[22m
2025-10-07T03:48:34.280191Z	[1m[31m[37m      306 â”‚   basicInfoForm = this.[32mfb[37m.group({[39m[22m
2025-10-07T03:48:34.280324Z	[1m[31m          â•µ                        [32m~~[0m[39m[22m
2025-10-07T03:48:34.280441Z	[1m[31m[39m[22m
2025-10-07T03:48:34.280536Z	[1m[31m  'fb' is declared here.[39m[22m
2025-10-07T03:48:34.280632Z	[1m[31m[39m[22m
2025-10-07T03:48:34.280722Z	[1m[31m    src/app/vendor/vendor-onboarding.component.ts:330:40:[39m[22m
2025-10-07T03:48:34.280814Z	[1m[31m[37m      330 â”‚   constructor(private http: HttpClient, [32mprivate fb: FormBuilder[37m) {}[39m[22m
2025-10-07T03:48:34.280907Z	[1m[31m          â•µ                                         [32m~~~~~~~~~~~~~~~~~~~~~~~[0m[39m[22m
2025-10-07T03:48:34.281Z	[1m[31m[39m[22m
2025-10-07T03:48:34.281091Z	[1m[31m[39m[22m
2025-10-07T03:48:34.281195Z	[1m[31m[31mâœ˜ [41;31m[[41;97mERROR[41;31m][0m [1mTS2729: Property 'fb' is used before its initialization.[0m [1m[35m[plugin angular-compiler][0m[39m[22m
2025-10-07T03:48:34.281326Z	[1m[31m[39m[22m
2025-10-07T03:48:34.28143Z	[1m[31m    src/app/vendor/vendor-onboa[39m[22m[1m[31mrding.component.ts:315:21:[39m[22m
2025-10-07T03:48:34.281525Z	[1m[31m[37m      315 â”‚   addressForm = this.[32mfb[37m.group({[39m[22m
2025-10-07T03:48:34.281682Z	[1m[31m          â•µ                      [32m~~[0m[39m[22m
2025-10-07T03:48:34.281833Z	[1m[31m[39m[22m
2025-10-07T03:48:34.281942Z	[1m[31m  'fb' is declared here.[39m[22m
2025-10-07T03:48:34.282037Z	[1m[31m[39m[22m
2025-10-07T03:48:34.282129Z	[1m[31m    src/app/vendor/vendor-onboarding.component.ts:330:40:[39m[22m
2025-10-07T03:48:34.282221Z	[1m[31m[37m      330 â”‚   constructor(private http: HttpClient, [32mprivate fb: FormBuilder[37m) {}[39m[22m
2025-10-07T03:48:34.282336Z	[1m[31m          â•µ                                         [32m~~~~~~~~~~~~~~~~~~~~~~~[0m[39m[22m
2025-10-07T03:48:34.282436Z	[1m[31m[39m[22m
2025-10-07T03:48:34.282538Z	[1m[31m[39m[22m
2025-10-07T03:48:34.282638Z	[1m[31m[31mâœ˜ [41;31m[[41;97mERROR[41;31m][0m [1mTS2729: Property 'fb' is used before its initialization.[0m [1m[35m[plugin angular-compiler][0m[39m[22m
2025-10-07T03:48:34.282774Z	[1m[31m[39m[22m
2025-10-07T03:48:34.282954Z	[1m[31m    src/app/vendor/vendor-onboarding.component.ts:323:23:[39m[22m
2025-10-07T03:48:34.28303Z	[1m[31m[37m      323 â”‚   documentsForm = this.[32mfb[37m.group({[39m[22m
2025-10-07T03:48:34.283089Z	[1m[31m          â•µ                        [32m~~[0m[39m[22m
2025-10-07T03:48:34.283149Z	[1m[31m[39m[22m
2025-10-07T03:48:34.283206Z	[1m[31m  'fb' is declared here.[39m[22m
2025-10-07T03:48:34.28329Z	[1m[31m[39m[22m
2025-10-07T03:48:34.283393Z	[1m[31m    src/app/vendor/vendor-onboarding.component.ts:330:40:[39m[22m
2025-10-07T03:48:34.283498Z	[1m[31m[37m      330 â”‚   constructor(private http: HttpClient, [32mprivate fb: FormBuilder[37m) {}[39m[22m
2025-10-07T03:48:34.283588Z	[1m[31m          â•µ                                         [32m~~~~~~~~~~~~~~~~~~~~~~~[0m[39m[22m
2025-10-07T03:48:34.283688Z	[1m[31m[39m[22m
2025-10-07T03:48:34.283788Z	[1m[31m[39m[22m
2025-10-07T03:48:34.283883Z	[1m[31m[31mâœ˜ [41;31m[[41;97mERROR[41;31m][0m [1mTS2322: Type 'string | null | undefined' is not assignable to type 'string'.[39m[22m
2025-10-07T03:48:34.283979Z	[1m[31m  Type 'undefined' is not assignable to type 'string'.[0m [1m[35m[plugin angular-compiler][0m[39m[22m
2025-10-07T03:48:34.284069Z	[1m[31m[39m[22m
2025-10-07T03:48:34.284158Z	[1m[31m    src/app/vendor/vendor-onboarding.component.ts:346:6:[39m[22m
2025-10-07T03:48:34.284256Z	[1m[31m[37m      346 â”‚       [32mname[37m: this.basicInfoForm.get('name')?.value,[39m[22m
2025-10-07T03:48:34.284365Z	[1m[31m          â•µ       [32m~~~~[0m[39m[22m
2025-10-07T03:48:34.284464Z	[1m[31m[39m[22m
2025-10-07T03:48:34.284554Z	[1m[31m  The expected type comes from property 'name' which is declared here on type 'Vendor'[39m[22m
2025-10-07T03:48:34.284649Z	[1m[31m[39m[22m
2025-10-07T03:48:34.284744Z	[1m[31m    src/app/vendor/vendor-onboarding.component.ts:21:2:[39m[22m
2025-10-07T03:48:34.28484Z	[1m[31m[37m      21 â”‚   [32mname[37m: string;[39m[22m
2025-10-07T03:48:34.284933Z	[1m[31m         â•µ   [32m~~~~[0m[39m[22m
2025-10-07T03:48:34.28503Z	[1m[31m[39m[22m
2025-10-07T03:48:34.285134Z	[1m[31m[39m[22m
2025-10-07T03:48:34.285236Z	[1m[31m[31mâœ˜ [41;31m[[41;97mERROR[41;31m][0m [1mTS2322: Type 'string | null | undefined' is not assignable to type 'string'.[39m[22m
2025-10-07T03:48:34.285334Z	[1m[31m  Type 'undefined' is not assignable to type 'string'.[0m [1m[35m[plugin angular-compiler][0m[39m[22m
2025-10-07T03:48:34.285439Z	[1m[31m[39m[22m
2025-10-07T03:48:34.285554Z	[1m[31m    src/app/vendor/vendor-onboarding.component.ts:347:6:[39m[22m
2025-10-07T03:48:34.285657Z	[1m[31m[37m      347 â”‚       [32mdescription[37m: this.basicInfoForm.get('description')?.value,[39m[22m
2025-10-07T03:48:34.285758Z	[1m[31m          â•µ       [32m~~~~~~~~~~~[0m[39m[22m
2025-10-07T03:48:34.285862Z	[1m[31m[39m[22m
2025-10-07T03:48:34.285964Z	[1m[31m  T[39m[22m[1m[31mhe expected type comes from property 'description' which is declared here on type 'Vendor'[39m[22m
2025-10-07T03:48:34.286061Z	[1m[31m[39m[22m
2025-10-07T03:48:34.28634Z	[1m[31m    src/app/vendor/vendor-onboarding.component.ts:22:2:[39m[22m
2025-10-07T03:48:34.286537Z	[1m[31m[37m      22 â”‚   [32mdescription[37m: string;[39m[22m
2025-10-07T03:48:34.286646Z	[1m[31m         â•µ   [32m~~~~~~~~~~~[0m[39m[22m
2025-10-07T03:48:34.286762Z	[1m[31m[39m[22m
2025-10-07T03:48:34.286868Z	[1m[31m[39m[22m
2025-10-07T03:48:34.287236Z	[1m[31m[31mâœ˜ [41;31m[[41;97mERROR[41;31m][0m [1mTS2322: Type 'string | null | undefined' is not assignable to type 'string'.[39m[22m
2025-10-07T03:48:34.287891Z	[1m[31m  Type 'undefined' is not assignable to type 'string'.[0m [1m[35m[plugin angular-compiler][0m[39m[22m
2025-10-07T03:48:34.288048Z	[1m[31m[39m[22m
2025-10-07T03:48:34.288149Z	[1m[31m    src/app/vendor/vendor-onboarding.component.ts:348:6:[39m[22m
2025-10-07T03:48:34.288246Z	[1m[31m[37m      348 â”‚       [32mcontactPerson[37m: this.basicInfoForm.get('contactPerson')?.value,[39m[22m
2025-10-07T03:48:34.28839Z	[1m[31m          â•µ       [32m~~~~~~~~~~~~~[0m[39m[22m
2025-10-07T03:48:34.288506Z	[1m[31m[39m[22m
2025-10-07T03:48:34.288607Z	[1m[31m  The expected type comes from property 'contactPerson' which is declared here on type 'Vendor'[39m[22m
2025-10-07T03:48:34.288709Z	[1m[31m[39m[22m
2025-10-07T03:48:34.288808Z	[1m[31m    src/app/vendor/vendor-onboarding.component.ts:23:2:[39m[22m
2025-10-07T03:48:34.288909Z	[1m[31m[37m      23 â”‚   [32mcontactPerson[37m: string;[39m[22m
2025-10-07T03:48:34.28901Z	[1m[31m         â•µ   [32m~~~~~~~~~~~~~[0m[39m[22m
2025-10-07T03:48:34.289111Z	[1m[31m[39m[22m
2025-10-07T03:48:34.289211Z	[1m[31m[39m[22m
2025-10-07T03:48:34.289321Z	[1m[31m[31mâœ˜ [41;31m[[41;97mERROR[41;31m][0m [1mTS2322: Type 'string | null | undefined' is not assignable to type 'string'.[39m[22m
2025-10-07T03:48:34.289429Z	[1m[31m  Type 'undefined' is not assignable to type 'string'.[0m [1m[35m[plugin angular-compiler][0m[39m[22m
2025-10-07T03:48:34.289641Z	[1m[31m[39m[22m
2025-10-07T03:48:34.28974Z	[1m[31m    src/app/vendor/vendor-onboarding.component.ts:349:6:[39m[22m
2025-10-07T03:48:34.289803Z	[1m[31m[37m      349 â”‚       [32mcontactEmail[37m: this.basicInfoForm.get('contactEmail')?.value,[39m[22m
2025-10-07T03:48:34.289919Z	[1m[31m          â•µ       [32m~~~~~~~~~~~~[0m[39m[22m
2025-10-07T03:48:34.289985Z	[1m[31m[39m[22m
2025-10-07T03:48:34.290042Z	[1m[31m  The expected type comes from property 'contactEmail' which is declared here on type 'Vendor'[39m[22m
2025-10-07T03:48:34.290226Z	[1m[31m[39m[22m
2025-10-07T03:48:34.290332Z	[1m[31m    src/app/vendor/vendor-onboarding.component.ts:24:2:[39m[22m
2025-10-07T03:48:34.290448Z	[1m[31m[37m      24 â”‚   [32mcontactEmail[37m: string;[39m[22m
2025-10-07T03:48:34.290566Z	[1m[31m         â•µ   [32m~~~~~~~~~~~~[0m[39m[22m
2025-10-07T03:48:34.290676Z	[1m[31m[39m[22m
2025-10-07T03:48:34.29078Z	[1m[31m[39m[22m
2025-10-07T03:48:34.290973Z	[1m[31m[31mâœ˜ [41;31m[[41;97mERROR[41;31m][0m [1mTS2322: Type 'string | null | undefined' is not assignable to type 'string'.[39m[22m
2025-10-07T03:48:34.291076Z	[1m[31m  Type 'undefined' is not assignable to type 'string'.[0m [1m[35m[plugin angular-compiler][0m[39m[22m
2025-10-07T03:48:34.291426Z	[1m[31m[39m[22m
2025-10-07T03:48:34.291574Z	[1m[31m    src/app/vendor/vendor-onboarding.component.ts:350:6:[39m[22m
2025-10-07T03:48:34.291686Z	[1m[31m[37m      350 â”‚       [32mcontactPhone[37m: this.basicInfoForm.get('contactPhone')?.value,[39m[22m
2025-10-07T03:48:34.291798Z	[1m[31m          â•µ       [32m~~~~~~~~~~~~[0m[39m[22m
2025-10-07T03:48:34.291898Z	[1m[31m[39m[22m
2025-10-07T03:48:34.292002Z	[1m[31m  The expected type comes from propert[39m[22m[1m[31my 'contactPhone' which is declared here on type 'Vendor'[39m[22m
2025-10-07T03:48:34.292103Z	[1m[31m[39m[22m
2025-10-07T03:48:34.29222Z	[1m[31m    src/app/vendor/vendor-onboarding.component.ts:25:2:[39m[22m
2025-10-07T03:48:34.292359Z	[1m[31m[37m      25 â”‚   [32mcontactPhone[37m: string;[39m[22m
2025-10-07T03:48:34.292466Z	[1m[31m         â•µ   [32m~~~~~~~~~~~~[0m[39m[22m
2025-10-07T03:48:34.292567Z	[1m[31m[39m[22m
2025-10-07T03:48:34.292657Z	[1m[31m[39m[22m
2025-10-07T03:48:34.292773Z	[1m[31m[31mâœ˜ [41;31m[[41;97mERROR[41;31m][0m [1mTS2322: Type 'string | null | undefined' is not assignable to type 'string'.[39m[22m
2025-10-07T03:48:34.29287Z	[1m[31m  Type 'undefined' is not assignable to type 'string'.[0m [1m[35m[plugin angular-compiler][0m[39m[22m
2025-10-07T03:48:34.29297Z	[1m[31m[39m[22m
2025-10-07T03:48:34.293081Z	[1m[31m    src/app/vendor/vendor-onboarding.component.ts:351:6:[39m[22m
2025-10-07T03:48:34.293177Z	[1m[31m[37m      351 â”‚       [32mtaxNumber[37m: this.basicInfoForm.get('taxNumber')?.value,[39m[22m
2025-10-07T03:48:34.29329Z	[1m[31m          â•µ       [32m~~~~~~~~~[0m[39m[22m
2025-10-07T03:48:34.293378Z	[1m[31m[39m[22m
2025-10-07T03:48:34.293449Z	[1m[31m  The expected type comes from property 'taxNumber' which is declared here on type 'Vendor'[39m[22m
2025-10-07T03:48:34.293523Z	[1m[31m[39m[22m
2025-10-07T03:48:34.293604Z	[1m[31m    src/app/vendor/vendor-onboarding.component.ts:26:2:[39m[22m
2025-10-07T03:48:34.293686Z	[1m[31m[37m      26 â”‚   [32mtaxNumber[37m: string;[39m[22m
2025-10-07T03:48:34.293787Z	[1m[31m         â•µ   [32m~~~~~~~~~[0m[39m[22m
2025-10-07T03:48:34.293894Z	[1m[31m[39m[22m
2025-10-07T03:48:34.294073Z	[1m[31m[39m[22m
2025-10-07T03:48:34.294204Z	[1m[31m[31mâœ˜ [41;31m[[41;97mERROR[41;31m][0m [1mTS2322: Type 'string | null | undefined' is not assignable to type 'string'.[39m[22m
2025-10-07T03:48:34.294293Z	[1m[31m  Type 'undefined' is not assignable to type 'string'.[0m [1m[35m[plugin angular-compiler][0m[39m[22m
2025-10-07T03:48:34.294377Z	[1m[31m[39m[22m
2025-10-07T03:48:34.294438Z	[1m[31m    src/app/vendor/vendor-onboarding.component.ts:353:8:[39m[22m
2025-10-07T03:48:34.294555Z	[1m[31m[37m      353 â”‚         [32mstreet[37m: this.addressForm.get('street')?.value,[39m[22m
2025-10-07T03:48:34.294674Z	[1m[31m          â•µ         [32m~~~~~~[0m[39m[22m
2025-10-07T03:48:34.294804Z	[1m[31m[39m[22m
2025-10-07T03:48:34.294926Z	[1m[31m  The expected type comes from property 'street' which is declared here on type '{ street: string; city: string; state: string; country: string; postalCode: string; }'[39m[22m
2025-10-07T03:48:34.29503Z	[1m[31m[39m[22m
2025-10-07T03:48:34.295136Z	[1m[31m    src/app/vendor/vendor-onboarding.component.ts:28:4:[39m[22m
2025-10-07T03:48:34.295244Z	[1m[31m[37m      28 â”‚     [32mstreet[37m: string;[39m[22m
2025-10-07T03:48:34.295376Z	[1m[31m         â•µ     [32m~~~~~~[0m[39m[22m
2025-10-07T03:48:34.295495Z	[1m[31m[39m[22m
2025-10-07T03:48:34.295607Z	[1m[31m[39m[22m
2025-10-07T03:48:34.295713Z	[1m[31m[31mâœ˜ [41;31m[[41;97mERROR[41;31m][0m [1mTS2322: Type 'string | null | undefined' is not assignable to type 'string'.[39m[22m
2025-10-07T03:48:34.29583Z	[1m[31m  Type 'undefined' is not assignable to type 'string'.[0m [1m[35m[plugin angular-compiler][0m[39m[22m
2025-10-07T03:48:34.295914Z	[1m[31m[39m[22m
2025-10-07T03:48:34.296153Z	[1m[31m    src/app/vendor/vendor-onboarding.component.ts:354:8:[39m[22m
2025-10-07T03:48:34.296256Z	[1m[31m[37m      354 â”‚         [32mcity[37m: this.addressForm.get('city')?.value,[39m[22m
2025-10-07T03:48:34.296437Z	[1m[31m          â•µ         [32m~~~~[0m[39m[22m
2025-10-07T03:48:34.296556Z	[1m[31m[39m[22m
2025-10-07T03:48:34.296658Z	[1m[31m  The expected type comes from property 'city' which is declared he[39m[22m
2025-10-07T03:48:34.296797Z	[1m[31mre on type '{ street: string; city: string; state: string; country: string; postalCode: string; }'[39m[22m
2025-10-07T03:48:34.296904Z	[1m[31m[39m[22m
2025-10-07T03:48:34.297025Z	[1m[31m    src/app/vendor/vendor-onboarding.component.ts:29:4:[39m[22m
2025-10-07T03:48:34.29716Z	[1m[31m[37m      29 â”‚     [32mcity[37m: string;[39m[22m
2025-10-07T03:48:34.29751Z	[1m[31m         â•µ     [32m~~~~[0m[39m[22m
2025-10-07T03:48:34.297785Z	[1m[31m[39m[22m
2025-10-07T03:48:34.297885Z	[1m[31m[39m[22m
2025-10-07T03:48:34.297997Z	[1m[31m[31mâœ˜ [41;31m[[41;97mERROR[41;31m][0m [1mTS2322: Type 'string | null | undefined' is not assignable to type 'string'.[39m[22m
2025-10-07T03:48:34.298108Z	[1m[31m  Type 'undefined' is not assignable to type 'string'.[0m [1m[35m[plugin angular-compiler][0m[39m[22m
2025-10-07T03:48:34.298277Z	[1m[31m[39m[22m
2025-10-07T03:48:34.298485Z	[1m[31m    src/app/vendor/vendor-onboarding.component.ts:355:8:[39m[22m
2025-10-07T03:48:34.298692Z	[1m[31m[37m      355 â”‚         [32mstate[37m: this.addressForm.get('state')?.value,[39m[22m
2025-10-07T03:48:34.298812Z	[1m[31m          â•µ         [32m~~~~~[0m[39m[22m
2025-10-07T03:48:34.29888Z	[1m[31m[39m[22m
2025-10-07T03:48:34.299341Z	[1m[31m  The expected type comes from property 'state' which is declared here on type '{ street: string; city: string; state: string; country: string; postalCode: string; }'[39m[22m
2025-10-07T03:48:34.29953Z	[1m[31m[39m[22m
2025-10-07T03:48:34.299819Z	[1m[31m    src/app/vendor/vendor-onboarding.component.ts:30:4:[39m[22m
2025-10-07T03:48:34.299932Z	[1m[31m[37m      30 â”‚     [32mstate[37m: string;[39m[22m
2025-10-07T03:48:34.30033Z	[1m[31m         â•µ     [32m~~~~~[0m[39m[22m
2025-10-07T03:48:34.300556Z	[1m[31m[39m[22m
2025-10-07T03:48:34.300653Z	[1m[31m[39m[22m
2025-10-07T03:48:34.300716Z	[1m[31m[31mâœ˜ [41;31m[[41;97mERROR[41;31m][0m [1mTS2322: Type 'string | null | undefined' is not assignable to type 'string'.[39m[22m
2025-10-07T03:48:34.300819Z	[1m[31m  Type 'undefined' is not assignable to type 'string'.[0m [1m[35m[plugin angular-compiler][0m[39m[22m
2025-10-07T03:48:34.301082Z	[1m[31m[39m[22m
2025-10-07T03:48:34.301292Z	[1m[31m    src/app/vendor/vendor-onboarding.component.ts:356:8:[39m[22m
2025-10-07T03:48:34.301417Z	[1m[31m[37m      356 â”‚         [32mcountry[37m: this.addressForm.get('country')?.value,[39m[22m
2025-10-07T03:48:34.301517Z	[1m[31m          â•µ         [32m~~~~~~~[0m[39m[22m
2025-10-07T03:48:34.301609Z	[1m[31m[39m[22m
2025-10-07T03:48:34.301715Z	[1m[31m  The expected type comes from property 'country' which is declared here on type '{ street: string; city: string; state: string; country: string; postalCode: string; }'[39m[22m
2025-10-07T03:48:34.301868Z	[1m[31m[39m[22m
2025-10-07T03:48:34.301967Z	[1m[31m    src/app/vendor/vendor-onboarding.component.ts:31:4:[39m[22m
2025-10-07T03:48:34.302054Z	[1m[31m[37m      31 â”‚     [32mcountry[37m: string;[39m[22m
2025-10-07T03:48:34.302145Z	[1m[31m         â•µ     [32m~~~~~~~[0m[39m[22m
2025-10-07T03:48:34.302238Z	[1m[31m[39m[22m
2025-10-07T03:48:34.302355Z	[1m[31m[39m[22m
2025-10-07T03:48:34.302451Z	[1m[31m[31mâœ˜ [41;31m[[41;97mERROR[41;31m][0m [1mTS2322: Type 'string | null | undefined' is not assignable to type 'string'.[39m[22m
2025-10-07T03:48:34.302527Z	[1m[31m  Type 'undefined' is not assignable to type 'string'.[0m [1m[35m[plugin angular-compiler][0m[39m[22m
2025-10-07T03:48:34.302609Z	[1m[31m[39m[22m
2025-10-07T03:48:34.302713Z	[1m[31m    src/app/vendor/vendor-onboarding.component.ts:357:8:[39m[22m
2025-10-07T03:48:34.302842Z	[1m[31m[37m      357 â”‚         [32mpostalCode[37m: this.addressForm.get('postalCode')?.[39m[22m[1m[31mvalue[39m[22m
2025-10-07T03:48:34.302967Z	[1m[31m          â•µ         [32m~~~~~~~~~~[0m[39m[22m
2025-10-07T03:48:34.303055Z	[1m[31m[39m[22m
2025-10-07T03:48:34.303114Z	[1m[31m  The expected type comes from property 'postalCode' which is declared here on type '{ street: string; city: string; state: string; country: string; postalCode: string; }'[39m[22m
2025-10-07T03:48:34.303307Z	[1m[31m[39m[22m
2025-10-07T03:48:34.303533Z	[1m[31m    src/app/vendor/vendor-onboarding.component.ts:32:4:[39m[22m
2025-10-07T03:48:34.303735Z	[1m[31m[37m      32 â”‚     [32mpostalCode[37m: string;[39m[22m
2025-10-07T03:48:34.303875Z	[1m[31m         â•µ     [32m~~~~~~~~~~[0m[39m[22m
2025-10-07T03:48:34.304026Z	[1m[31m[39m[22m
2025-10-07T03:48:34.304136Z	[1m[31m[39m[22m
2025-10-07T03:48:34.304234Z	[1m[31m[31mâœ˜ [41;31m[[41;97mERROR[41;31m][0m [1mTS2322: Type 'null | undefined' is not assignable to type 'Date'.[39m[22m
2025-10-07T03:48:34.304363Z	[1m[31m  Type 'undefined' is not assignable to type 'Date'.[0m [1m[35m[plugin angular-compiler][0m[39m[22m
2025-10-07T03:48:34.304555Z	[1m[31m[39m[22m
2025-10-07T03:48:34.30473Z	[1m[31m    src/app/vendor/vendor-onboarding.component.ts:360:6:[39m[22m
2025-10-07T03:48:34.304906Z	[1m[31m[37m      360 â”‚       [32mregistrationDate[37m: this.documentsForm.get('registrationDate'...[39m[22m
2025-10-07T03:48:34.305056Z	[1m[31m          â•µ       [32m~~~~~~~~~~~~~~~~[0m[39m[22m
2025-10-07T03:48:34.305226Z	[1m[31m[39m[22m
2025-10-07T03:48:34.305346Z	[1m[31m  The expected type comes from property 'registrationDate' which is declared here on type 'Vendor'[39m[22m
2025-10-07T03:48:34.305558Z	[1m[31m[39m[22m
2025-10-07T03:48:34.305734Z	[1m[31m    src/app/vendor/vendor-onboarding.component.ts:35:2:[39m[22m
2025-10-07T03:48:34.306135Z	[1m[31m[37m      35 â”‚   [32mregistrationDate[37m: Date;[39m[22m
2025-10-07T03:48:34.306374Z	[1m[31m         â•µ   [32m~~~~~~~~~~~~~~~~[0m[39m[22m
2025-10-07T03:48:34.30647Z	[1m[31m[39m[22m
2025-10-07T03:48:34.306536Z	[1m[31m[39m[22m
2025-10-07T03:48:34.306595Z	[1m[31m[31mâœ˜ [41;31m[[41;97mERROR[41;31m][0m [1mTS-996008: Component VendorOnboardingComponent is standalone, and cannot be declared in an NgModule. Did you mean to import it instead?[0m [1m[35m[plugin angular-compiler][0m[39m[22m
2025-10-07T03:48:34.306662Z	[1m[31m[39m[22m
2025-10-07T03:48:34.306717Z	[1m[31m    src/app/vendor/vendor.module.ts:29:4:[39m[22m
2025-10-07T03:48:34.306772Z	[1m[31m[37m      29 â”‚     [32mVendorOnboardingComponent[37m,[39m[22m
2025-10-07T03:48:34.306831Z	[1m[31m         â•µ     [32m~~~~~~~~~~~~~~~~~~~~~~~~~[0m[39m[22m
2025-10-07T03:48:34.306886Z	[1m[31m[39m[22m
2025-10-07T03:48:34.306947Z	[1m[31m[39m[22m
2025-10-07T03:48:34.307003Z	[1m[31m[31mâœ˜ [41;31m[[41;97mERROR[41;31m][0m [1mTS-996008: Component VendorApprovalQueueComponent is standalone, and cannot be declared in an NgModule. Did you mean to import it instead?[0m [1m[35m[plugin angular-compiler][0m[39m[22m
2025-10-07T03:48:34.307109Z	[1m[31m[39m[22m
2025-10-07T03:48:34.307169Z	[1m[31m    src/app/vendor/vendor.module.ts:30:4:[39m[22m
2025-10-07T03:48:34.307224Z	[1m[31m[37m      30 â”‚     [32mVendorApprovalQueueComponent[37m,[39m[22m
2025-10-07T03:48:34.307312Z	[1m[31m         â•µ     [32m~~~~~~~~~~~~~~~~~~~~~~~~~~~~[0m[39m[22m
2025-10-07T03:48:34.307557Z	[1m[31m[39m[22m
2025-10-07T03:48:34.307669Z	[1m[31m[39m[22m
2025-10-07T03:48:34.307744Z	[1m[31m[31mâœ˜ [41;31m[[41;97mERROR[41;31m][0m [1mTS-996008: Component VendorDetailsModalComponent is standalone, and cannot be declared in an NgModule. Did you mean to import it instead?[0m [1m[35m[plugin angular-c[39m[22m[1m[31mompiler][0m[39m[22m
2025-10-07T03:48:34.307835Z	[1m[31m[39m[22m
2025-10-07T03:48:34.307963Z	[1m[31m    src/app/vendor/vendor.module.ts:31:4:[39m[22m
2025-10-07T03:48:34.308079Z	[1m[31m[37m      31 â”‚     [32mVendorDetailsModalComponent[37m[39m[22m
2025-10-07T03:48:34.308189Z	[1m[31m         â•µ     [32m~~~~~~~~~~~~~~~~~~~~~~~~~~~[0m[39m[22m
2025-10-07T03:48:34.3083Z	[1m[31m[39m[22m
2025-10-07T03:48:34.308385Z	[1m[31m[39m[22m
2025-10-07T03:48:34.308444Z	[1m[31m[31mâœ˜ [41;31m[[41;97mERROR[41;31m][0m [1mTS-996004: Can't be exported from this NgModule, as it must be imported first[0m [1m[35m[plugin angular-compiler][0m[39m[22m
2025-10-07T03:48:34.308519Z	[1m[31m[39m[22m
2025-10-07T03:48:34.308578Z	[1m[31m    src/app/vendor/vendor.module.ts:58:4:[39m[22m
2025-10-07T03:48:34.308634Z	[1m[31m[37m      58 â”‚     [32mVendorOnboardingComponent[37m,[39m[22m
2025-10-07T03:48:34.308694Z	[1m[31m         â•µ     [32m~~~~~~~~~~~~~~~~~~~~~~~~~[0m[39m[22m
2025-10-07T03:48:34.308752Z	[1m[31m[39m[22m
2025-10-07T03:48:34.30881Z	[1m[31m[39m[22m
2025-10-07T03:48:34.308888Z	[1m[31m[31mâœ˜ [41;31m[[41;97mERROR[41;31m][0m [1mTS-996004: Can't be exported from this NgModule, as it must be imported first[0m [1m[35m[plugin angular-compiler][0m[39m[22m
2025-10-07T03:48:34.308973Z	[1m[31m[39m[22m
2025-10-07T03:48:34.309069Z	[1m[31m    src/app/vendor/vendor.module.ts:59:4:[39m[22m
2025-10-07T03:48:34.309183Z	[1m[31m[37m      59 â”‚     [32mVendorApprovalQueueComponent[37m[39m[22m
2025-10-07T03:48:34.309311Z	[1m[31m         â•µ     [32m~~~~~~~~~~~~~~~~~~~~~~~~~~~~[0m[39m[22m
2025-10-07T03:48:34.309424Z	[1m[31m[39m[22m
2025-10-07T03:48:34.309533Z	[1m[31m[39m[22m
2025-10-07T03:48:34.433868Z	
2025-10-07T03:48:34.434074Z	
2025-10-07T03:48:34.434145Z	
2025-10-07T03:48:34.434209Z	 NX   Running target build for project landing failed
2025-10-07T03:48:34.434314Z	
2025-10-07T03:48:34.43439Z	Failed tasks:
2025-10-07T03:48:34.434472Z	
2025-10-07T03:48:34.434537Z	- landing:build:production
2025-10-07T03:48:34.434721Z	
2025-10-07T03:48:34.434793Z	Hint: run the command with --verbose for more details.
2025-10-07T03:48:34.434859Z	
2025-10-07T03:48:34.468542Z	Failed: Error while executing user command. Exited with error code: 1
2025-10-07T03:48:34.48288Z	Failed: build command exited with code: 1
2025-10-07T03:48:35.832264Z	Failed: error occurred while running build command